androidApp/build/intermediates/manifest_merge_blame_file/debug/manifest-merger-blame-debug-report.txt
1<?xml version="1.0" encoding="utf-8"?>
2<manifest xmlns:android="http://schemas.android.com/apk/res/android"
3    package="com.dwarfdragons.dwarfcastle.android"
4    android:versionCode="1"
5    android:versionName="1.0" >
6
7    <uses-sdk
8        android:minSdkVersion="24"
8-->src/main/AndroidManifest.xml
9        android:targetSdkVersion="33" />
9-->src/main/AndroidManifest.xml
10
11    <application
11-->src/main/AndroidManifest.xml:4:5-16:19
12        android:allowBackup="false"
12-->src/main/AndroidManifest.xml:5:9-36
13        android:appComponentFactory="androidx.core.app.CoreComponentFactory"
13-->[androidx.core:core:1.8.0] AndroidManifest.xml:24:18-86
14        android:debuggable="true"
15        android:extractNativeLibs="false"
16        android:supportsRtl="true"
16-->src/main/AndroidManifest.xml:6:9-35
17        android:testOnly="true"
18        android:theme="@style/AppTheme" >
18-->src/main/AndroidManifest.xml:7:9-40
19        <activity
19-->src/main/AndroidManifest.xml:8:9-15:20
20            android:name="com.dwarfdragons.dwarfcastle.android.MainActivity"
20-->src/main/AndroidManifest.xml:9:13-41
21            android:exported="true" >
21-->src/main/AndroidManifest.xml:10:13-36
22            <intent-filter>
22-->src/main/AndroidManifest.xml:11:13-14:29
23                <action android:name="android.intent.action.MAIN" />
23-->src/main/AndroidManifest.xml:12:17-69
23-->src/main/AndroidManifest.xml:12:25-66
24
25                <category android:name="android.intent.category.LAUNCHER" />
25-->src/main/AndroidManifest.xml:13:17-77
25-->src/main/AndroidManifest.xml:13:27-74
26            </intent-filter>
27        </activity>
28        <activity
28-->[androidx.compose.ui:ui-tooling:1.2.1] AndroidManifest.xml:24:9-26:39
29            android:name="androidx.compose.ui.tooling.PreviewActivity"
29-->[androidx.compose.ui:ui-tooling:1.2.1] AndroidManifest.xml:25:13-71
30            android:exported="true" />
30-->[androidx.compose.ui:ui-tooling:1.2.1] AndroidManifest.xml:26:13-36
31
32        <provider
32-->[androidx.profileinstaller:profileinstaller:1.2.0] AndroidManifest.xml:25:9-33:20
33            android:name="androidx.startup.InitializationProvider"
33-->[androidx.profileinstaller:profileinstaller:1.2.0] AndroidManifest.xml:26:13-67
34            android:authorities="com.dwarfdragons.dwarfcastle.android.androidx-startup"
34-->[androidx.profileinstaller:profileinstaller:1.2.0] AndroidManifest.xml:27:13-68
35            android:exported="false" >
35-->[androidx.profileinstaller:profileinstaller:1.2.0] AndroidManifest.xml:28:13-37
36            <meta-data
36-->[androidx.profileinstaller:profileinstaller:1.2.0] AndroidManifest.xml:30:13-32:52
37                android:name="androidx.profileinstaller.ProfileInstallerInitializer"
37-->[androidx.profileinstaller:profileinstaller:1.2.0] AndroidManifest.xml:31:17-85
38                android:value="androidx.startup" />
38-->[androidx.profileinstaller:profileinstaller:1.2.0] AndroidManifest.xml:32:17-49
39        </provider>
40
41        <receiver
41-->[androidx.profileinstaller:profileinstaller:1.2.0] AndroidManifest.xml:35:9-47:20
42            android:name="androidx.profileinstaller.ProfileInstallReceiver"
42-->[androidx.profileinstaller:profileinstaller:1.2.0] AndroidManifest.xml:36:13-76
43            android:directBootAware="false"
43-->[androidx.profileinstaller:profileinstaller:1.2.0] AndroidManifest.xml:37:13-44
44            android:enabled="true"
44-->[androidx.profileinstaller:profileinstaller:1.2.0] AndroidManifest.xml:38:13-35
45            android:exported="true"
45-->[androidx.profileinstaller:profileinstaller:1.2.0] AndroidManifest.xml:39:13-36
46            android:permission="android.permission.DUMP" >
46-->[androidx.profileinstaller:profileinstaller:1.2.0] AndroidManifest.xml:40:13-57
47            <intent-filter>
47-->[androidx.profileinstaller:profileinstaller:1.2.0] AndroidManifest.xml:41:13-43:29
48                <action android:name="androidx.profileinstaller.action.INSTALL_PROFILE" />
48-->[androidx.profileinstaller:profileinstaller:1.2.0] AndroidManifest.xml:42:17-91
48-->[androidx.profileinstaller:profileinstaller:1.2.0] AndroidManifest.xml:42:25-88
49            </intent-filter>
50            <intent-filter>
50-->[androidx.profileinstaller:profileinstaller:1.2.0] AndroidManifest.xml:44:13-46:29
51                <action android:name="androidx.profileinstaller.action.SKIP_FILE" />
51-->[androidx.profileinstaller:profileinstaller:1.2.0] AndroidManifest.xml:45:17-85
51-->[androidx.profileinstaller:profileinstaller:1.2.0] AndroidManifest.xml:45:25-82
52            </intent-filter>
53        </receiver>
54    </application>
55
56</manifest>